[2023-07-13 20:14:02] Текс ошибки: Oshibka | Файл: C:\OSPanel\domains\blackriver.loc\public\index.php| Срока: 13
==============================================================
[2023-07-19 08:39:25] Текс ошибки: Undefined array key "controller" | Файл: C:\OSPanel\domains\blackriver.loc\vendor\blrw\Router.php| Срока: 52
==============================================================
[2023-07-19 08:40:41] Текс ошибки: Undefined array key "controller" | Файл: C:\OSPanel\domains\blackriver.loc\vendor\blrw\Router.php| Срока: 52
==============================================================
[2023-07-19 08:40:42] Текс ошибки: Undefined array key "controller" | Файл: C:\OSPanel\domains\blackriver.loc\vendor\blrw\Router.php| Срока: 52
==============================================================
[2023-07-19 08:40:55] Текс ошибки: Undefined array key "controller" | Файл: C:\OSPanel\domains\blackriver.loc\vendor\blrw\Router.php| Срока: 52
==============================================================
[2023-07-19 13:06:03] Текс ошибки: Cтраница не найдена | Файл: C:\OSPanel\domains\blackriver.loc\vendor\blrw\Router.php| Срока: 30
==============================================================
[2023-07-19 13:06:27] Текс ошибки: Cтраница не найдена | Файл: C:\OSPanel\domains\blackriver.loc\vendor\blrw\Router.php| Срока: 30
==============================================================
[2023-07-19 13:07:36] Текс ошибки: Cтраница не найдена | Файл: C:\OSPanel\domains\blackriver.loc\vendor\blrw\Router.php| Срока: 30
==============================================================
[2023-07-19 13:09:52] Текс ошибки: Cтраница не найдена | Файл: C:\OSPanel\domains\blackriver.loc\vendor\blrw\Router.php| Срока: 30
==============================================================
[2023-07-19 13:21:28] Текс ошибки: Cтраница не найдена | Файл: C:\OSPanel\domains\blackriver.loc\vendor\blrw\Router.php| Срока: 30
==============================================================
[2023-07-19 13:29:43] Текс ошибки: Контроллер app\controllers\admin\MainController не найдена | Файл: C:\OSPanel\domains\blackriver.loc\vendor\blrw\Router.php| Срока: 34
==============================================================
[2023-07-19 13:33:41] Текс ошибки: Контроллер app\controllers\admin\MainController не найдена | Файл: C:\OSPanel\domains\blackriver.loc\vendor\blrw\Router.php| Срока: 38
==============================================================
[2023-07-19 13:33:56] Текс ошибки: Контроллер app\controllers\PageController не найдена | Файл: C:\OSPanel\domains\blackriver.loc\vendor\blrw\Router.php| Срока: 38
==============================================================
[2023-07-19 13:34:17] Текс ошибки: Контроллер app\controllers\MainController не найдена | Файл: C:\OSPanel\domains\blackriver.loc\vendor\blrw\Router.php| Срока: 38
==============================================================
[2023-07-19 13:35:37] Текс ошибки: Метод app\controllers\MainController::indexAction не найден | Файл: C:\OSPanel\domains\blackriver.loc\vendor\blrw\Router.php| Срока: 35
==============================================================
[2023-07-19 13:41:02] Текс ошибки: Метод app\controllers\admin\MainController::indexAction не найден | Файл: C:\OSPanel\domains\blackriver.loc\vendor\blrw\Router.php| Срока: 35
==============================================================
